<?xml version="1.0" encoding="UTF-8"?>
<testng-results ignored="0" total="2" passed="2" failed="0" skipped="0">
  <reporter-output>
  </reporter-output>
  <suite started-at="2021-06-12T16:48:08 EDT" name="spacelabs" finished-at="2021-06-12T16:48:15 EDT" duration-ms="6942">
    <groups>
    </groups>
    <test started-at="2021-06-12T16:48:08 EDT" name="safensoundtest" finished-at="2021-06-12T16:48:15 EDT" duration-ms="6942">
      <class name="SPACELABS_.SafeNSound.SpacelabsTest">
        <test-method is-config="true" signature="beforeClass()[pri:0, instance:SPACELABS_.SafeNSound.SpacelabsTest@149e0f5d]" started-at="2021-06-12T16:48:08 EDT" name="beforeClass" finished-at="2021-06-12T16:48:11 EDT" duration-ms="3097" status="PASS">
          <reporter-output>
          </reporter-output>
        </test-method> <!-- beforeClass -->
        <test-method signature="test1()[pri:1, instance:SPACELABS_.SafeNSound.SpacelabsTest@149e0f5d]" started-at="2021-06-12T16:48:11 EDT" name="test1" finished-at="2021-06-12T16:48:13 EDT" duration-ms="1441" status="PASS">
          <reporter-output>
          </reporter-output>
        </test-method> <!-- test1 -->
        <test-method signature="test2()[pri:2, instance:SPACELABS_.SafeNSound.SpacelabsTest@149e0f5d]" started-at="2021-06-12T16:48:13 EDT" name="test2" finished-at="2021-06-12T16:48:15 EDT" duration-ms="2357" status="PASS">
          <reporter-output>
          </reporter-output>
        </test-method> <!-- test2 -->
      </class> <!-- SPACELABS_.SafeNSound.SpacelabsTest -->
    </test> <!-- safensoundtest -->
  </suite> <!-- spacelabs -->
</testng-results>
